<?xml version="1.0" encoding="UTF-8"?>
<!-- Generated by org.testng.reporters.JUnitReportReporter -->
<testsuite hostname="D-184000435" name="com.wipro.opencart.TC01Opencart" tests="5" failures="0" timestamp="22 Feb 2018 09:46:15 GMT" time="65.170" errors="0">
  <testcase name="ExcelPrinting" time="6.119" classname="com.wipro.opencart.TC01Opencart"/>
  <testcase name="AddToCart" time="19.303" classname="com.wipro.opencart.TC01Opencart"/>
  <testcase name="SamsungTab" time="4.610" classname="com.wipro.opencart.TC01Opencart"/>
  <testcase name="ReviewPrinting" time="17.299" classname="com.wipro.opencart.TC01Opencart"/>
  <testcase name="ReviewPrinting" time="17.839" classname="com.wipro.opencart.TC01Opencart"/>
</testsuite> <!-- com.wipro.opencart.TC01Opencart -->
