<?xml version="1.0" encoding="UTF-8"?>
<!-- Generated by org.testng.reporters.JUnitReportReporter -->
<testsuite hostname="D-184000435" name="com.wipro.opencart.TC01Opencart" tests="5" failures="0" timestamp="23 Feb 2018 04:38:52 GMT" time="60.104" errors="0">
  <testcase name="ExcelPrinting" time="3.845" classname="com.wipro.opencart.TC01Opencart"/>
  <testcase name="AddToCart" time="19.235" classname="com.wipro.opencart.TC01Opencart"/>
  <testcase name="SamsungTab" time="2.050" classname="com.wipro.opencart.TC01Opencart"/>
  <testcase name="ReviewPrinting" time="17.006" classname="com.wipro.opencart.TC01Opencart"/>
  <testcase name="ReviewPrinting" time="17.968" classname="com.wipro.opencart.TC01Opencart"/>
</testsuite> <!-- com.wipro.opencart.TC01Opencart -->
