<?xml version="1.0" encoding="UTF-8"?>
<!-- Generated by org.testng.reporters.JUnitReportReporter -->
<testsuite hostname="D-184000435" name="com.wipro.opencart.TC01Opencart" tests="5" failures="0" timestamp="21 Feb 2018 08:48:28 GMT" time="65.443" errors="0">
  <testcase name="ExcelPrinting" time="5.922" classname="com.wipro.opencart.TC01Opencart"/>
  <testcase name="ReviewPrinting" time="18.186" classname="com.wipro.opencart.TC01Opencart"/>
  <testcase name="AddToCart" time="19.749" classname="com.wipro.opencart.TC01Opencart"/>
  <testcase name="ReviewPrinting" time="17.062" classname="com.wipro.opencart.TC01Opencart"/>
  <testcase name="SamsungTab" time="4.524" classname="com.wipro.opencart.TC01Opencart"/>
</testsuite> <!-- com.wipro.opencart.TC01Opencart -->
