<?xml version="1.0" encoding="UTF-8"?>
<!-- Generated by org.testng.reporters.JUnitReportReporter -->
<testsuite hostname="D-184000435" name="com.wipro.opencart.Opencartdatadriven" tests="3" failures="0" timestamp="23 Feb 2018 10:38:18 GMT" time="12.172" errors="0">
  <testcase name="ExcelPrinting" time="3.449" classname="com.wipro.opencart.Opencartdatadriven"/>
  <testcase name="ExcelPrinting" time="5.092" classname="com.wipro.opencart.Opencartdatadriven"/>
  <testcase name="ExcelPrinting" time="3.631" classname="com.wipro.opencart.Opencartdatadriven"/>
</testsuite> <!-- com.wipro.opencart.Opencartdatadriven -->
