<?xml version="1.0" encoding="UTF-8"?>
<!-- Generated by org.testng.reporters.JUnitReportReporter -->
<testsuite hostname="D-184000435" name="com.wipro.opencart.TC02Opencart" tests="2" failures="0" timestamp="15 Feb 2018 04:57:01 GMT" time="113.932" errors="0">
  <testcase name="ProductComparision" time="112.769" classname="com.wipro.opencart.TC02Opencart"/>
  <testcase name="Search" time="1.163" classname="com.wipro.opencart.TC02Opencart"/>
</testsuite> <!-- com.wipro.opencart.TC02Opencart -->
