<?xml version="1.0" encoding="UTF-8"?>
<!-- Generated by org.testng.reporters.JUnitReportReporter -->
<testsuite hostname="D-184000435" name="com.wipro.opencart.TC01Opencart" tests="5" failures="0" timestamp="15 Feb 2018 04:57:01 GMT" time="59.084" errors="0">
  <testcase name="SamsungTab" time="3.184" classname="com.wipro.opencart.TC01Opencart"/>
  <testcase name="ReviewPrinting" time="16.678" classname="com.wipro.opencart.TC01Opencart"/>
  <testcase name="AddToCart" time="18.880" classname="com.wipro.opencart.TC01Opencart"/>
  <testcase name="ReviewPrinting" time="17.545" classname="com.wipro.opencart.TC01Opencart"/>
  <testcase name="ExcelPrinting" time="2.797" classname="com.wipro.opencart.TC01Opencart"/>
</testsuite> <!-- com.wipro.opencart.TC01Opencart -->
