<?xml version="1.0" encoding="UTF-8"?>
<!-- Generated by org.testng.reporters.JUnitReportReporter -->
<testsuite hostname="D-184000435" name="com.wipro.opencart.TC04Opencart" tests="1" failures="0" timestamp="26 Feb 2018 05:12:26 GMT" time="138.109" errors="0">
  <testcase name="Featured" time="138.109" classname="com.wipro.opencart.TC04Opencart"/>
</testsuite> <!-- com.wipro.opencart.TC04Opencart -->
