<?xml version="1.0" encoding="UTF-8"?>
<!-- Generated by org.testng.reporters.JUnitReportReporter -->
<testsuite hostname="D-184000435" name="com.wipro.opencart.TC02Opencart" tests="2" failures="0" timestamp="19 Feb 2018 09:57:19 GMT" time="116.526" errors="0">
  <testcase name="ProductComparision" time="114.517" classname="com.wipro.opencart.TC02Opencart"/>
  <testcase name="Search" time="2.009" classname="com.wipro.opencart.TC02Opencart"/>
</testsuite> <!-- com.wipro.opencart.TC02Opencart -->
