<?xml version="1.0" encoding="UTF-8"?>
<!-- Generated by org.testng.reporters.JUnitReportReporter -->
<testsuite hostname="D-184000435" name="com.wipro.opencart.TC02Opencart" tests="2" failures="0" timestamp="22 Feb 2018 09:46:15 GMT" time="120.871" errors="0">
  <testcase name="Search" time="6.308" classname="com.wipro.opencart.TC02Opencart"/>
  <testcase name="ProductComparision" time="114.563" classname="com.wipro.opencart.TC02Opencart"/>
</testsuite> <!-- com.wipro.opencart.TC02Opencart -->
