<?xml version="1.0" encoding="UTF-8"?>
<!-- Generated by org.testng.reporters.JUnitReportReporter -->
<testsuite hostname="D-184000435" name="com.wipro.opencart.TC02Opencart" tests="2" failures="0" timestamp="23 Feb 2018 09:29:15 GMT" time="120.842" errors="0">
  <testcase name="Search" time="5.889" classname="com.wipro.opencart.TC02Opencart"/>
  <testcase name="ProductComparision" time="114.953" classname="com.wipro.opencart.TC02Opencart"/>
</testsuite> <!-- com.wipro.opencart.TC02Opencart -->
