<?xml version="1.0" encoding="UTF-8"?>
<!-- Generated by org.testng.reporters.JUnitReportReporter -->
<testsuite hostname="D-184000435" name="com.wipro.opencart.TC03Opencart" tests="1" failures="0" timestamp="14 Feb 2018 11:12:26 GMT" time="106.466" errors="0">
  <testcase name="AddPhones" time="106.466" classname="com.wipro.opencart.TC03Opencart"/>
</testsuite> <!-- com.wipro.opencart.TC03Opencart -->
