<?xml version="1.0" encoding="UTF-8"?>
<!-- Generated by org.testng.reporters.JUnitReportReporter -->
<testsuite hostname="D-184000435" name="com.wipro.opencart.TC03Opencart" tests="1" failures="0" timestamp="22 Feb 2018 09:46:15 GMT" time="106.938" errors="0">
  <testcase name="AddPhones" time="106.938" classname="com.wipro.opencart.TC03Opencart"/>
</testsuite> <!-- com.wipro.opencart.TC03Opencart -->
