<?xml version="1.0" encoding="UTF-8"?>
<!-- Generated by org.testng.reporters.JUnitReportReporter -->
<testsuite hostname="D-184000435" name="com.wipro.opencart.TC03Opencart" tests="1" failures="0" timestamp="23 Feb 2018 04:38:52 GMT" time="109.782" errors="0">
  <testcase name="AddPhones" time="109.782" classname="com.wipro.opencart.TC03Opencart"/>
</testsuite> <!-- com.wipro.opencart.TC03Opencart -->
