<?xml version="1.0" encoding="UTF-8"?>
<!-- Generated by org.testng.reporters.JUnitReportReporter -->
<testsuite hostname="D-184000435" name="com.wipro.opencart.TC01Opencart" tests="5" failures="0" timestamp="14 Feb 2018 11:12:26 GMT" time="60.280" errors="0">
  <testcase name="ReviewPrinting" time="17.679" classname="com.wipro.opencart.TC01Opencart"/>
  <testcase name="AddToCart" time="19.200" classname="com.wipro.opencart.TC01Opencart"/>
  <testcase name="SamsungTab" time="3.429" classname="com.wipro.opencart.TC01Opencart"/>
  <testcase name="ExcelPrinting" time="3.344" classname="com.wipro.opencart.TC01Opencart"/>
  <testcase name="ReviewPrinting" time="16.628" classname="com.wipro.opencart.TC01Opencart"/>
</testsuite> <!-- com.wipro.opencart.TC01Opencart -->
