<?xml version="1.0" encoding="UTF-8"?>
<!-- Generated by org.testng.reporters.JUnitReportReporter -->
<testsuite hostname="D-184000435" name="com.wipro.opencart.TC05Opencart" tests="1" failures="0" timestamp="1 Mar 2018 07:03:11 GMT" time="18.709" errors="0">
  <testcase name="login" time="18.709" classname="com.wipro.opencart.TC05Opencart"/>
</testsuite> <!-- com.wipro.opencart.TC05Opencart -->
