<?xml version="1.0" encoding="UTF-8"?>
<!-- Generated by org.testng.reporters.JUnitReportReporter -->
<testsuite hostname="D-184000435" name="com.wipro.opencart.TC02Opencart" tests="2" failures="0" timestamp="14 Feb 2018 11:17:09 GMT" time="114.887" errors="0">
  <testcase name="Search" time="0.286" classname="com.wipro.opencart.TC02Opencart"/>
  <testcase name="ProductComparision" time="114.601" classname="com.wipro.opencart.TC02Opencart"/>
</testsuite> <!-- com.wipro.opencart.TC02Opencart -->
