<?xml version="1.0" encoding="UTF-8"?>
<!-- Generated by org.testng.reporters.JUnitReportReporter -->
<testsuite hostname="D-184000435" name="com.wipro.opencart.TC02Opencart" tests="2" failures="0" timestamp="14 Feb 2018 10:53:46 GMT" time="117.020" errors="0">
  <testcase name="ProductComparision" time="116.326" classname="com.wipro.opencart.TC02Opencart"/>
  <testcase name="Search" time="0.694" classname="com.wipro.opencart.TC02Opencart"/>
</testsuite> <!-- com.wipro.opencart.TC02Opencart -->
