<?xml version="1.0" encoding="UTF-8"?>
<!-- Generated by org.testng.reporters.JUnitReportReporter -->
<testsuite hostname="D-184000435" name="com.wipro.opencart.TC04Opencart" tests="1" failures="0" timestamp="14 Feb 2018 10:53:46 GMT" time="123.815" errors="0">
  <testcase name="Featured" time="123.815" classname="com.wipro.opencart.TC04Opencart"/>
</testsuite> <!-- com.wipro.opencart.TC04Opencart -->
