<?xml version="1.0" encoding="UTF-8"?>
<!-- Generated by org.testng.reporters.JUnitReportReporter -->
<testsuite hostname="D-184000435" name="com.wipro.opencart.TC01Opencart" tests="5" failures="0" timestamp="14 Feb 2018 10:53:46 GMT" time="102.890" errors="0">
  <testcase name="ReviewPrinting" time="18.084" classname="com.wipro.opencart.TC01Opencart"/>
  <testcase name="SamsungTab" time="2.789" classname="com.wipro.opencart.TC01Opencart"/>
  <testcase name="ReviewPrinting" time="16.811" classname="com.wipro.opencart.TC01Opencart"/>
  <testcase name="AddToCart" time="60.904" classname="com.wipro.opencart.TC01Opencart"/>
  <testcase name="ExcelPrinting" time="4.302" classname="com.wipro.opencart.TC01Opencart"/>
</testsuite> <!-- com.wipro.opencart.TC01Opencart -->
